Base path: /Applications/Unity/Unity.app/Contents
Pipe name: \\.\pipe\UnityShaderCompiler-1--1607904856
Cmd: getPlatforms
Cmd: preprocess
  insize=436 outsize=1182 ok=1
Cmd: compileSnippet
  api=0 type=0 insize=4279 outsize=919 kw=DIRECTIONAL SHADOWS_OFF LIGHTMAP_OFF DIRLIGHTMAP_OFF ok=1
Cmd: compileSnippet
  api=0 type=1 insize=4279 outsize=360 kw=DIRECTIONAL SHADOWS_OFF LIGHTMAP_OFF DIRLIGHTMAP_OFF ok=1
Cmd: compileSnippet
  api=0 type=0 insize=2255 outsize=817 kw=POINT ok=1
Cmd: compileSnippet
  api=0 type=1 insize=2255 outsize=536 kw=POINT ok=1
Cmd: compileSnippet
  api=0 type=0 insize=1783 outsize=457 kw= ok=1
Cmd: compileSnippet
  api=0 type=1 insize=1783 outsize=159 kw= ok=1
Cmd: compileSnippet
  api=0 type=0 insize=3996 outsize=905 kw=LIGHTMAP_OFF DIRLIGHTMAP_OFF HDR_LIGHT_PREPASS_OFF ok=1
Cmd: compileSnippet
  api=0 type=1 insize=3996 outsize=297 kw=LIGHTMAP_OFF DIRLIGHTMAP_OFF HDR_LIGHT_PREPASS_OFF ok=1
Cmd: preprocess
  error: 1 plat 12 at (17): Compiling shaders to OpenGL ES 2.0, Xbox 360, PS3, Flash or DX11 requires both vertex and fragment programs
  insize=1295 outsize=616 ok=1
Cmd: compileSnippet
  api=0 type=0 insize=962 outsize=603 kw= ok=1
